Flow report for 3ph
Tue Oct 08 15:23:15 2013
Quartus II 32-bit Version 13.0.0 Build 156 04/24/2013 SJ Web Edition


---------------------
; Table of Contents ;
---------------------
  1. Legal Notice
  2. Flow Summary
  3. Flow Settings
  4. Flow Non-Default Global Settings
  5. Flow Elapsed Time
  6. Flow OS Summary
  7. Flow Log
  8. Flow Messages
  9. Flow Suppressed Messages



----------------
; Legal Notice ;
----------------
Copyright (C) 1991-2013 Altera Corporation
Your use of Altera Corporation's design tools, logic functions 
and other software and tools, and its AMPP partner logic 
functions, and any output files from any of the foregoing 
(including device programming or simulation files), and any 
associated documentation or information are expressly subject 
to the terms and conditions of the Altera Program License 
Subscription Agreement, Altera MegaCore Function License 
Agreement, or other applicable license agreement, including, 
without limitation, that your use is for the sole purpose of 
programming logic devices manufactured by Altera and sold by 
Altera or its authorized distributors.  Please refer to the 
applicable agreement for further details.



+---------------------------------------------------------------------------------+
; Flow Summary                                                                    ;
+------------------------------------+--------------------------------------------+
; Flow Status                        ; Successful - Tue Oct 08 15:22:58 2013      ;
; Quartus II 32-bit Version          ; 13.0.0 Build 156 04/24/2013 SJ Web Edition ;
; Revision Name                      ; 3ph                                        ;
; Top-level Entity Name              ; 3ph                                        ;
; Family                             ; Cyclone III                                ;
; Device                             ; EP3C16Q240C8                               ;
; Timing Models                      ; Final                                      ;
; Total logic elements               ; 9,326 / 15,408 ( 61 % )                    ;
;     Total combinational functions  ; 7,764 / 15,408 ( 50 % )                    ;
;     Dedicated logic registers      ; 4,264 / 15,408 ( 28 % )                    ;
; Total registers                    ; 4264                                       ;
; Total pins                         ; 129 / 161 ( 80 % )                         ;
; Total virtual pins                 ; 0                                          ;
; Total memory bits                  ; 384 / 516,096 ( < 1 % )                    ;
; Embedded Multiplier 9-bit elements ; 0 / 112 ( 0 % )                            ;
; Total PLLs                         ; 1 / 4 ( 25 % )                             ;
+------------------------------------+--------------------------------------------+


+-----------------------------------------+
; Flow Settings                           ;
+-------------------+---------------------+
; Option            ; Setting             ;
+-------------------+---------------------+
; Start date & time ; 10/08/2013 15:20:30 ;
; Main task         ; Compilation         ;
; Revision Name     ; 3ph                 ;
+-------------------+---------------------+


+------------------------------------------------------------------------------------------------------------------------+
; Flow Non-Default Global Settings                                                                                       ;
+-------------------------------------+---------------------------------------+---------------+-------------+------------+
; Assignment Name                     ; Value                                 ; Default Value ; Entity Name ; Section Id ;
+-------------------------------------+---------------------------------------+---------------+-------------+------------+
; COMPILER_SIGNATURE_ID               ; 132225032206.138120602906052          ; --            ; --          ; --         ;
; IP_TOOL_NAME                        ; ALTPLL                                ; --            ; --          ; --         ;
; IP_TOOL_NAME                        ; LPM_INV                               ; --            ; --          ; --         ;
; IP_TOOL_VERSION                     ; 9.1                                   ; --            ; --          ; --         ;
; IP_TOOL_VERSION                     ; 9.1                                   ; --            ; --          ; --         ;
; MAX_CORE_JUNCTION_TEMP              ; 85                                    ; --            ; --          ; --         ;
; MIN_CORE_JUNCTION_TEMP              ; 0                                     ; --            ; --          ; --         ;
; MISC_FILE                           ; PLL.bsf                               ; --            ; --          ; --         ;
; MISC_FILE                           ; PLL.cmp                               ; --            ; --          ; --         ;
; MISC_FILE                           ; PLL.ppf                               ; --            ; --          ; --         ;
; MISC_FILE                           ; lpm_inv0.bsf                          ; --            ; --          ; --         ;
; MISC_FILE                           ; lpm_inv0.cmp                          ; --            ; --          ; --         ;
; PARTITION_COLOR                     ; 2147039                               ; --            ; --          ; Top        ;
; PARTITION_FITTER_PRESERVATION_LEVEL ; PLACEMENT_AND_ROUTING                 ; --            ; --          ; Top        ;
; PARTITION_NETLIST_TYPE              ; SOURCE                                ; --            ; --          ; Top        ;
; POWER_BOARD_THERMAL_MODEL           ; None (CONSERVATIVE)                   ; --            ; --          ; --         ;
; POWER_PRESET_COOLING_SOLUTION       ; 23 MM HEAT SINK WITH 200 LFPM AIRFLOW ; --            ; --          ; --         ;
; USE_GENERATED_PHYSICAL_CONSTRAINTS  ; Off                                   ; --            ; --          ; eda_palace ;
+-------------------------------------+---------------------------------------+---------------+-------------+------------+


+-------------------------------------------------------------------------------------------------------------------------------+
; Flow Elapsed Time                                                                                                             ;
+---------------------------+--------------+-------------------------+---------------------+------------------------------------+
; Module Name               ; Elapsed Time ; Average Processors Used ; Peak Virtual Memory ; Total CPU Time (on all processors) ;
+---------------------------+--------------+-------------------------+---------------------+------------------------------------+
; Analysis & Synthesis      ; 00:00:28     ; 1.0                     ; 367 MB              ; 00:00:26                           ;
; Fitter                    ; 00:01:48     ; 1.0                     ; 538 MB              ; 00:01:44                           ;
; Assembler                 ; 00:00:04     ; 1.0                     ; 329 MB              ; 00:00:03                           ;
; TimeQuest Timing Analyzer ; 00:00:16     ; 1.0                     ; 407 MB              ; 00:00:13                           ;
; Total                     ; 00:02:36     ; --                      ; --                  ; 00:02:26                           ;
+---------------------------+--------------+-------------------------+---------------------+------------------------------------+


+-----------------------------------------------------------------------------------------+
; Flow OS Summary                                                                         ;
+---------------------------+------------------+------------+------------+----------------+
; Module Name               ; Machine Hostname ; OS Name    ; OS Version ; Processor type ;
+---------------------------+------------------+------------+------------+----------------+
; Analysis & Synthesis      ; unsw-c0c15cb1be  ; Windows XP ; 5.1        ; i686           ;
; Fitter                    ; unsw-c0c15cb1be  ; Windows XP ; 5.1        ; i686           ;
; Assembler                 ; unsw-c0c15cb1be  ; Windows XP ; 5.1        ; i686           ;
; TimeQuest Timing Analyzer ; unsw-c0c15cb1be  ; Windows XP ; 5.1        ; i686           ;
+---------------------------+------------------+------------+------------+----------------+


------------
; Flow Log ;
------------
quartus_map --read_settings_files=on --write_settings_files=off 3ph -c 3ph
quartus_fit --read_settings_files=off --write_settings_files=off 3ph -c 3ph
quartus_asm --read_settings_files=off --write_settings_files=off 3ph -c 3ph
quartus_sta 3ph -c 3ph



